<?xml version="1.0" encoding="UTF-8"?>
<testsuite name="com.decathlon.postaci.test.TestUtilities" tests="3" skipped="0" failures="0" errors="0" timestamp="2018-10-10T05:59:30" hostname="Postaci" time="0.001">
  <properties/>
  <testcase name="test_calcRank_1" classname="com.decathlon.postaci.test.TestUtilities" time="0.0"/>
  <testcase name="test_calcRank_2" classname="com.decathlon.postaci.test.TestUtilities" time="0.0"/>
  <testcase name="test_calculatePoints" classname="com.decathlon.postaci.test.TestUtilities" time="0.0"/>
  <system-out><![CDATA[]]></system-out>
  <system-err><![CDATA[]]></system-err>
</testsuite>
