<?xml version="1.0" encoding="UTF-8"?>
<testsuite name="com.decathlon.postaci.test.TestConverter" tests="1" skipped="0" failures="0" errors="0" timestamp="2018-10-10T05:59:30" hostname="Postaci" time="0.01">
  <properties/>
  <testcase name="test_convert" classname="com.decathlon.postaci.test.TestConverter" time="0.01"/>
  <system-out><![CDATA[]]></system-out>
  <system-err><![CDATA[]]></system-err>
</testsuite>
